<?xml version="1.0" encoding="utf-8"?>
<assemblies>
  <assembly name="C:\Dev\Code\GitHub\DirkRombauts\pickles-testresults\TestHarness\xunit2\bin\Debug\xunit2Harness.DLL" environment="64-bit .NET 4.0.30319.42000 [collection-per-class, non-parallel]" test-framework="xUnit.net 2.1.0.3179" run-date="2016-01-21" run-time="12:56:05" config-file="C:\Dev\Code\GitHub\DirkRombauts\pickles-testresults\TestHarness\xunit2\bin\Debug\xunit2Harness.dll.config" total="32" passed="17" failed="14" skipped="1" time="1.497" errors="0">
    <errors />
    <collection total="3" passed="0" failed="3" skipped="0" name="Test collection for Pickles.TestHarness.xunit2.NotAutomatedAtAllFeature" time="0.224">
      <test name="Pickles.TestHarness.xunit2.NotAutomatedAtAllFeature.NotAutomatedScenario2" type="Pickles.TestHarness.xunit2.NotAutomatedAtAllFeature" method="NotAutomatedScenario2" time="0.0710899" result="Fail">
        <traits>
          <trait name="FeatureTitle" value="Not Automated At All" />
          <trait name="Description" value="Not automated scenario 2" />
        </traits>
        <failure exception-type="TechTalk.SpecFlow.SpecFlowException">
          <message><![CDATA[TechTalk.SpecFlow.SpecFlowException : Test pending: No matching step definition found for one or more steps.\r\nusing System;\r\nusing TechTalk.SpecFlow;\r\n\r\nnamespace MyNamespace\r\n{\r\n    [Binding]\r\n    public class StepDefinitions\r\n    {\r\n        [Given(@"unimplemented step")]\r\n        public void GivenUnimplementedStep()\r\n        {\r\n            ScenarioContext.Current.Pending();\r\n        }\r\n        \r\n        [When(@"unimplemented step")]\r\n        public void WhenUnimplementedStep()\r\n        {\r\n            ScenarioContext.Current.Pending();\r\n        }\r\n        \r\n        [Then(@"unimplemented step")]\r\n        public void ThenUnimplementedStep()\r\n        {\r\n            ScenarioContext.Current.Pending();\r\n        }\r\n    }\r\n}\r\n]]></message>
          <stack-trace><![CDATA[   at TechTalk.SpecFlow.UnitTestProvider.XUnitRuntimeProvider.TestPending(String message)
   at Pickles.TestHarness.xunit2.NotAutomatedAtAllFeature.ScenarioCleanup() in C:\Dev\Code\GitHub\DirkRombauts\pickles-testresults\TestHarness\xunit2\NotAutomatedAtAll.feature.cs:line 0
   at Pickles.TestHarness.xunit2.NotAutomatedAtAllFeature.NotAutomatedScenario2() in C:\Dev\Code\GitHub\DirkRombauts\pickles-testresults\TestHarness\xunit2\NotAutomatedAtAll.feature:line 14]]></stack-trace>
        </failure>
      </test>
      <test name="Pickles.TestHarness.xunit2.NotAutomatedAtAllFeature.NotAutomatedScenario3" type="Pickles.TestHarness.xunit2.NotAutomatedAtAllFeature" method="NotAutomatedScenario3" time="0.073689" result="Fail">
        <traits>
          <trait name="FeatureTitle" value="Not Automated At All" />
          <trait name="Description" value="Not automated scenario 3" />
        </traits>
        <failure exception-type="TechTalk.SpecFlow.SpecFlowException">
          <message><![CDATA[TechTalk.SpecFlow.SpecFlowException : Test pending: No matching step definition found for one or more steps.\r\nusing System;\r\nusing TechTalk.SpecFlow;\r\n\r\nnamespace MyNamespace\r\n{\r\n    [Binding]\r\n    public class StepDefinitions\r\n    {\r\n        [Given(@"unimplemented step")]\r\n        public void GivenUnimplementedStep()\r\n        {\r\n            ScenarioContext.Current.Pending();\r\n        }\r\n        \r\n        [When(@"unimplemented step")]\r\n        public void WhenUnimplementedStep()\r\n        {\r\n            ScenarioContext.Current.Pending();\r\n        }\r\n        \r\n        [Then(@"unimplemented step")]\r\n        public void ThenUnimplementedStep()\r\n        {\r\n            ScenarioContext.Current.Pending();\r\n        }\r\n    }\r\n}\r\n]]></message>
          <stack-trace><![CDATA[   at TechTalk.SpecFlow.UnitTestProvider.XUnitRuntimeProvider.TestPending(String message)
   at Pickles.TestHarness.xunit2.NotAutomatedAtAllFeature.ScenarioCleanup() in C:\Dev\Code\GitHub\DirkRombauts\pickles-testresults\TestHarness\xunit2\NotAutomatedAtAll.feature.cs:line 0
   at Pickles.TestHarness.xunit2.NotAutomatedAtAllFeature.NotAutomatedScenario3() in C:\Dev\Code\GitHub\DirkRombauts\pickles-testresults\TestHarness\xunit2\NotAutomatedAtAll.feature:line 19]]></stack-trace>
        </failure>
      </test>
      <test name="Pickles.TestHarness.xunit2.NotAutomatedAtAllFeature.NotAutomatedScenario1" type="Pickles.TestHarness.xunit2.NotAutomatedAtAllFeature" method="NotAutomatedScenario1" time="0.078927" result="Fail">
        <traits>
          <trait name="FeatureTitle" value="Not Automated At All" />
          <trait name="Description" value="Not automated scenario 1" />
        </traits>
        <failure exception-type="TechTalk.SpecFlow.SpecFlowException">
          <message><![CDATA[TechTalk.SpecFlow.SpecFlowException : Test pending: No matching step definition found for one or more steps.\r\nusing System;\r\nusing TechTalk.SpecFlow;\r\n\r\nnamespace MyNamespace\r\n{\r\n    [Binding]\r\n    public class StepDefinitions\r\n    {\r\n        [Given(@"unimplemented step")]\r\n        public void GivenUnimplementedStep()\r\n        {\r\n            ScenarioContext.Current.Pending();\r\n        }\r\n        \r\n        [When(@"unimplemented step")]\r\n        public void WhenUnimplementedStep()\r\n        {\r\n            ScenarioContext.Current.Pending();\r\n        }\r\n        \r\n        [Then(@"unimplemented step")]\r\n        public void ThenUnimplementedStep()\r\n        {\r\n            ScenarioContext.Current.Pending();\r\n        }\r\n    }\r\n}\r\n]]></message>
          <stack-trace><![CDATA[   at TechTalk.SpecFlow.UnitTestProvider.XUnitRuntimeProvider.TestPending(String message)
   at Pickles.TestHarness.xunit2.NotAutomatedAtAllFeature.ScenarioCleanup() in C:\Dev\Code\GitHub\DirkRombauts\pickles-testresults\TestHarness\xunit2\NotAutomatedAtAll.feature.cs:line 0
   at Pickles.TestHarness.xunit2.NotAutomatedAtAllFeature.NotAutomatedScenario1() in C:\Dev\Code\GitHub\DirkRombauts\pickles-testresults\TestHarness\xunit2\NotAutomatedAtAll.feature:line 9]]></stack-trace>
        </failure>
      </test>
    </collection>
    <collection total="2" passed="1" failed="1" skipped="0" name="Test collection for Pickles.TestHarness.xunit2.MinimalFeatures.InconclusiveFeature" time="0.155">
      <test name="Pickles.TestHarness.xunit2.MinimalFeatures.InconclusiveFeature.InconclusiveFeaturePassingScenario" type="Pickles.TestHarness.xunit2.MinimalFeatures.InconclusiveFeature" method="InconclusiveFeaturePassingScenario" time="0.1347008" result="Pass">
        <traits>
          <trait name="FeatureTitle" value="Inconclusive" />
          <trait name="Description" value="Inconclusive Feature Passing Scenario" />
        </traits>
      </test>
      <test name="Pickles.TestHarness.xunit2.MinimalFeatures.InconclusiveFeature.InconclusiveFeatureInconclusiveScenario" type="Pickles.TestHarness.xunit2.MinimalFeatures.InconclusiveFeature" method="InconclusiveFeatureInconclusiveScenario" time="0.0207078" result="Fail">
        <traits>
          <trait name="FeatureTitle" value="Inconclusive" />
          <trait name="Description" value="Inconclusive Feature Inconclusive Scenario" />
        </traits>
        <failure exception-type="TechTalk.SpecFlow.SpecFlowException">
          <message><![CDATA[TechTalk.SpecFlow.SpecFlowException : Test pending: One or more step definitions are not implemented yet.\r\n  MinimalSteps.ThenInconclusiveStep()]]></message>
          <stack-trace><![CDATA[   at TechTalk.SpecFlow.UnitTestProvider.XUnitRuntimeProvider.TestPending(String message)
   at Pickles.TestHarness.xunit2.MinimalFeatures.InconclusiveFeature.ScenarioCleanup() in C:\Dev\Code\GitHub\DirkRombauts\pickles-testresults\TestHarness\xunit2\Minimal Features\Inconclusive.feature.cs:line 0
   at Pickles.TestHarness.xunit2.MinimalFeatures.InconclusiveFeature.InconclusiveFeatureInconclusiveScenario() in C:\Dev\Code\GitHub\DirkRombauts\pickles-testresults\TestHarness\xunit2\Minimal Features\Inconclusive.feature:line 7]]></stack-trace>
        </failure>
      </test>
    </collection>
    <collection total="6" passed="3" failed="2" skipped="1" name="Test collection for Pickles.TestHarness.xunit2.AdditionFeature" time="0.336">
      <test name="Pickles.TestHarness.xunit2.AdditionFeature.AddingSeveralNumbers(firstNumber: &quot;60&quot;, secondNumber: &quot;70&quot;, thirdNumber: &quot;130&quot;, result: &quot;260&quot;, exampleTags: [])" type="Pickles.TestHarness.xunit2.AdditionFeature" method="AddingSeveralNumbers" time="0.1003544" result="Pass">
        <traits>
          <trait name="FeatureTitle" value="Addition" />
          <trait name="Description" value="Adding several numbers" />
        </traits>
      </test>
      <test name="Pickles.TestHarness.xunit2.AdditionFeature.AddingSeveralNumbers(firstNumber: &quot;40&quot;, secondNumber: &quot;50&quot;, thirdNumber: &quot;90&quot;, result: &quot;180&quot;, exampleTags: [])" type="Pickles.TestHarness.xunit2.AdditionFeature" method="AddingSeveralNumbers" time="0.0436448" result="Pass">
        <traits>
          <trait name="FeatureTitle" value="Addition" />
          <trait name="Description" value="Adding several numbers" />
        </traits>
      </test>
      <test name="Pickles.TestHarness.xunit2.AdditionFeature.NotAutomatedAddingTwoNumbers" type="Pickles.TestHarness.xunit2.AdditionFeature" method="NotAutomatedAddingTwoNumbers" time="0.1171092" result="Fail">
        <traits>
          <trait name="FeatureTitle" value="Addition" />
          <trait name="Description" value="Not automated adding two numbers" />
        </traits>
        <failure exception-type="TechTalk.SpecFlow.SpecFlowException">
          <message><![CDATA[TechTalk.SpecFlow.SpecFlowException : Test pending: No matching step definition found for one or more steps.\r\nusing System;\r\nusing TechTalk.SpecFlow;\r\n\r\nnamespace MyNamespace\r\n{\r\n    [Binding]\r\n    public class StepDefinitions\r\n    {\r\n        [Given(@"unimplemented step")]\r\n        public void GivenUnimplementedStep()\r\n        {\r\n            ScenarioContext.Current.Pending();\r\n        }\r\n        \r\n        [When(@"unimplemented step")]\r\n        public void WhenUnimplementedStep()\r\n        {\r\n            ScenarioContext.Current.Pending();\r\n        }\r\n        \r\n        [Then(@"unimplemented step")]\r\n        public void ThenUnimplementedStep()\r\n        {\r\n            ScenarioContext.Current.Pending();\r\n        }\r\n    }\r\n}\r\n]]></message>
          <stack-trace><![CDATA[   at TechTalk.SpecFlow.UnitTestProvider.XUnitRuntimeProvider.TestPending(String message)
   at Pickles.TestHarness.xunit2.AdditionFeature.ScenarioCleanup() in C:\Dev\Code\GitHub\DirkRombauts\pickles-testresults\TestHarness\xunit2\Addition.feature.cs:line 0
   at Pickles.TestHarness.xunit2.AdditionFeature.NotAutomatedAddingTwoNumbers() in C:\Dev\Code\GitHub\DirkRombauts\pickles-testresults\TestHarness\xunit2\Addition.feature:line 46]]></stack-trace>
        </failure>
      </test>
      <test name="Pickles.TestHarness.xunit2.AdditionFeature.AddTwoNumbers" type="Pickles.TestHarness.xunit2.AdditionFeature" method="AddTwoNumbers" time="0.0320376" result="Pass">
        <traits>
          <trait name="FeatureTitle" value="Addition" />
          <trait name="Description" value="Add two numbers" />
        </traits>
      </test>
      <test name="Pickles.TestHarness.xunit2.AdditionFeature.IgnoredAddingTwoNumbers" type="Pickles.TestHarness.xunit2.AdditionFeature" method="IgnoredAddingTwoNumbers" time="0" result="Skip">
        <traits>
          <trait name="FeatureTitle" value="Addition" />
          <trait name="Description" value="Ignored adding two numbers" />
        </traits>
        <reason><![CDATA[Ignored]]></reason>
      </test>
      <test name="Pickles.TestHarness.xunit2.AdditionFeature.FailToAddTwoNumbers" type="Pickles.TestHarness.xunit2.AdditionFeature" method="FailToAddTwoNumbers" time="0.0428591" result="Fail">
        <traits>
          <trait name="FeatureTitle" value="Addition" />
          <trait name="Description" value="Fail to add two numbers" />
        </traits>
        <failure exception-type="System.FormatException">
          <message><![CDATA[System.FormatException : Input string was not in a correct format.]]></message>
          <stack-trace><![CDATA[   at System.Number.StringToNumber(String str, NumberStyles options, NumberBuffer& number, NumberFormatInfo info, Boolean parseDecimal)
   at System.Number.ParseInt32(String s, NumberStyles style, NumberFormatInfo info)
   at System.String.System.IConvertible.ToInt32(IFormatProvider provider)
   at System.Convert.ChangeType(Object value, Type conversionType, IFormatProvider provider)
   at System.Linq.Enumerable.<SelectIterator>d__5`2.MoveNext()
   at System.Linq.Buffer`1..ctor(IEnumerable`1 source)
   at System.Linq.Enumerable.ToArray[TSource](IEnumerable`1 source)
   at TechTalk.SpecFlow.Infrastructure.TestExecutionEngine.GetExecuteArguments(BindingMatch match)
   at TechTalk.SpecFlow.Infrastructure.TestExecutionEngine.ExecuteStep(StepInstance stepInstance)
   at TechTalk.SpecFlow.Infrastructure.TestExecutionEngine.OnAfterLastStep()
   at Pickles.TestHarness.xunit2.AdditionFeature.ScenarioCleanup() in C:\Dev\Code\GitHub\DirkRombauts\pickles-testresults\TestHarness\xunit2\Addition.feature.cs:line 0
   at Pickles.TestHarness.xunit2.AdditionFeature.FailToAddTwoNumbers() in C:\Dev\Code\GitHub\DirkRombauts\pickles-testresults\TestHarness\xunit2\Addition.feature:line 34]]></stack-trace>
        </failure>
      </test>
    </collection>
    <collection total="16" passed="10" failed="6" skipped="0" name="Test collection for Pickles.TestHarness.xunit2.ScenarioOutlinesFeature" time="0.179">
      <test name="Pickles.TestHarness.xunit2.ScenarioOutlinesFeature.ThisIsAScenarioOutlineWhereAllScenariosPass(result: &quot;pass_1&quot;, exampleTags: [])" type="Pickles.TestHarness.xunit2.ScenarioOutlinesFeature" method="ThisIsAScenarioOutlineWhereAllScenariosPass" time="0.0105272" result="Pass">
        <traits>
          <trait name="FeatureTitle" value="Scenario Outlines" />
          <trait name="Description" value="This is a scenario outline where all scenarios pass" />
        </traits>
      </test>
      <test name="Pickles.TestHarness.xunit2.ScenarioOutlinesFeature.ThisIsAScenarioOutlineWhereAllScenariosPass(result: &quot;pass_2&quot;, exampleTags: [])" type="Pickles.TestHarness.xunit2.ScenarioOutlinesFeature" method="ThisIsAScenarioOutlineWhereAllScenariosPass" time="0.0024281" result="Pass">
        <traits>
          <trait name="FeatureTitle" value="Scenario Outlines" />
          <trait name="Description" value="This is a scenario outline where all scenarios pass" />
        </traits>
      </test>
      <test name="Pickles.TestHarness.xunit2.ScenarioOutlinesFeature.ThisIsAScenarioOutlineWhereAllScenariosPass(result: &quot;pass_3&quot;, exampleTags: [])" type="Pickles.TestHarness.xunit2.ScenarioOutlinesFeature" method="ThisIsAScenarioOutlineWhereAllScenariosPass" time="0.0139276" result="Pass">
        <traits>
          <trait name="FeatureTitle" value="Scenario Outlines" />
          <trait name="Description" value="This is a scenario outline where all scenarios pass" />
        </traits>
      </test>
      <test name="Pickles.TestHarness.xunit2.ScenarioOutlinesFeature.ThisIsAScenarioOutlineWhereOneScenarioFails(result: &quot;pass_1&quot;, exampleTags: [])" type="Pickles.TestHarness.xunit2.ScenarioOutlinesFeature" method="ThisIsAScenarioOutlineWhereOneScenarioFails" time="0.0035447" result="Pass">
        <traits>
          <trait name="FeatureTitle" value="Scenario Outlines" />
          <trait name="Description" value="This is a scenario outline where one scenario fails" />
        </traits>
      </test>
      <test name="Pickles.TestHarness.xunit2.ScenarioOutlinesFeature.ThisIsAScenarioOutlineWhereOneScenarioFails(result: &quot;pass_2&quot;, exampleTags: [])" type="Pickles.TestHarness.xunit2.ScenarioOutlinesFeature" method="ThisIsAScenarioOutlineWhereOneScenarioFails" time="0.012075" result="Pass">
        <traits>
          <trait name="FeatureTitle" value="Scenario Outlines" />
          <trait name="Description" value="This is a scenario outline where one scenario fails" />
        </traits>
      </test>
      <test name="Pickles.TestHarness.xunit2.ScenarioOutlinesFeature.ThisIsAScenarioOutlineWhereOneScenarioFails(result: &quot;fail_1&quot;, exampleTags: [])" type="Pickles.TestHarness.xunit2.ScenarioOutlinesFeature" method="ThisIsAScenarioOutlineWhereOneScenarioFails" time="0.0469343" result="Fail">
        <traits>
          <trait name="FeatureTitle" value="Scenario Outlines" />
          <trait name="Description" value="This is a scenario outline where one scenario fails" />
        </traits>
        <failure exception-type="Shouldly.ChuckedAWobbly">
          <message><![CDATA[Shouldly.ChuckedAWobbly : \n    true\n        should be\n    False\n        but was\n    True]]></message>
          <stack-trace><![CDATA[   at Shouldly.ShouldlyCoreExtensions.AssertAwesomely[T](T actual, Func`2 specifiedConstraint, Object originalActual, Object originalExpected) in c:\TeamCity\buildAgent\work\10efaabfa8adbd4e\src\Shouldly\ShouldlyCoreExtensions.cs:line 18
   at Shouldly.ShouldBeTestExtensions.ShouldBe[T](T actual, T expected) in c:\TeamCity\buildAgent\work\10efaabfa8adbd4e\src\Shouldly\ShouldBeTestExtensions.cs:line 17
   at AutomationLayer.ScenarioOutlineSteps.ThenTheScenarioWill(String result) in C:\Dev\Code\GitHub\DirkRombauts\pickles-testresults\TestHarness\AutomationLayer\ScenarioOutlineSteps.cs:line 21
   at TechTalk.SpecFlow.Bindings.BindingInvoker.InvokeBinding(IBinding binding, IContextManager contextManager, Object[] arguments, ITestTracer testTracer, TimeSpan& duration)
   at TechTalk.SpecFlow.Infrastructure.TestExecutionEngine.ExecuteStepMatch(BindingMatch match, Object[] arguments)
   at TechTalk.SpecFlow.Infrastructure.TestExecutionEngine.ExecuteStep(StepInstance stepInstance)
   at TechTalk.SpecFlow.Infrastructure.TestExecutionEngine.OnAfterLastStep()
   at Pickles.TestHarness.xunit2.ScenarioOutlinesFeature.ScenarioCleanup() in C:\Dev\Code\GitHub\DirkRombauts\pickles-testresults\TestHarness\xunit2\ScenarioOutlines.feature.cs:line 0
   at Pickles.TestHarness.xunit2.ScenarioOutlinesFeature.ThisIsAScenarioOutlineWhereOneScenarioFails(String result, String[] exampleTags) in C:\Dev\Code\GitHub\DirkRombauts\pickles-testresults\TestHarness\xunit2\ScenarioOutlines.feature:line 34]]></stack-trace>
        </failure>
      </test>
      <test name="Pickles.TestHarness.xunit2.ScenarioOutlinesFeature.ThisIsAScenarioOutlineWhereOneScenarioIsInconclusive(result: &quot;pass_1&quot;, exampleTags: [])" type="Pickles.TestHarness.xunit2.ScenarioOutlinesFeature" method="ThisIsAScenarioOutlineWhereOneScenarioIsInconclusive" time="0.0019647" result="Pass">
        <traits>
          <trait name="FeatureTitle" value="Scenario Outlines" />
          <trait name="Description" value="This is a scenario outline where one scenario is inconclusive" />
        </traits>
      </test>
      <test name="Pickles.TestHarness.xunit2.ScenarioOutlinesFeature.ThisIsAScenarioOutlineWhereOneScenarioIsInconclusive(result: &quot;pass_2&quot;, exampleTags: [])" type="Pickles.TestHarness.xunit2.ScenarioOutlinesFeature" method="ThisIsAScenarioOutlineWhereOneScenarioIsInconclusive" time="0.0020141" result="Pass">
        <traits>
          <trait name="FeatureTitle" value="Scenario Outlines" />
          <trait name="Description" value="This is a scenario outline where one scenario is inconclusive" />
        </traits>
      </test>
      <test name="Pickles.TestHarness.xunit2.ScenarioOutlinesFeature.ThisIsAScenarioOutlineWhereOneScenarioIsInconclusive(result: &quot;inconclusive_1&quot;, exampleTags: [])" type="Pickles.TestHarness.xunit2.ScenarioOutlinesFeature" method="ThisIsAScenarioOutlineWhereOneScenarioIsInconclusive" time="0.0121832" result="Fail">
        <traits>
          <trait name="FeatureTitle" value="Scenario Outlines" />
          <trait name="Description" value="This is a scenario outline where one scenario is inconclusive" />
        </traits>
        <failure exception-type="TechTalk.SpecFlow.SpecFlowException">
          <message><![CDATA[TechTalk.SpecFlow.SpecFlowException : Test pending: One or more step definitions are not implemented yet.\r\n  ScenarioOutlineSteps.ThenTheScenarioWill("inconclusive_1")]]></message>
          <stack-trace><![CDATA[   at TechTalk.SpecFlow.UnitTestProvider.XUnitRuntimeProvider.TestPending(String message)
   at Pickles.TestHarness.xunit2.ScenarioOutlinesFeature.ScenarioCleanup() in C:\Dev\Code\GitHub\DirkRombauts\pickles-testresults\TestHarness\xunit2\ScenarioOutlines.feature.cs:line 0
   at Pickles.TestHarness.xunit2.ScenarioOutlinesFeature.ThisIsAScenarioOutlineWhereOneScenarioIsInconclusive(String result, String[] exampleTags) in C:\Dev\Code\GitHub\DirkRombauts\pickles-testresults\TestHarness\xunit2\ScenarioOutlines.feature:line 21]]></stack-trace>
        </failure>
      </test>
      <test name="Pickles.TestHarness.xunit2.ScenarioOutlinesFeature.AndWeCanGoTotallyBonkersWithMultipleExampleSections_(result: &quot;pass_1&quot;, exampleTags: [])" type="Pickles.TestHarness.xunit2.ScenarioOutlinesFeature" method="AndWeCanGoTotallyBonkersWithMultipleExampleSections_" time="0.0015561" result="Pass">
        <traits>
          <trait name="FeatureTitle" value="Scenario Outlines" />
          <trait name="Description" value="And we can go totally bonkers with multiple example sections." />
        </traits>
      </test>
      <test name="Pickles.TestHarness.xunit2.ScenarioOutlinesFeature.AndWeCanGoTotallyBonkersWithMultipleExampleSections_(result: &quot;pass_2&quot;, exampleTags: [])" type="Pickles.TestHarness.xunit2.ScenarioOutlinesFeature" method="AndWeCanGoTotallyBonkersWithMultipleExampleSections_" time="0.0017745" result="Pass">
        <traits>
          <trait name="FeatureTitle" value="Scenario Outlines" />
          <trait name="Description" value="And we can go totally bonkers with multiple example sections." />
        </traits>
      </test>
      <test name="Pickles.TestHarness.xunit2.ScenarioOutlinesFeature.AndWeCanGoTotallyBonkersWithMultipleExampleSections_(result: &quot;inconclusive_1&quot;, exampleTags: [])" type="Pickles.TestHarness.xunit2.ScenarioOutlinesFeature" method="AndWeCanGoTotallyBonkersWithMultipleExampleSections_" time="0.0154057" result="Fail">
        <traits>
          <trait name="FeatureTitle" value="Scenario Outlines" />
          <trait name="Description" value="And we can go totally bonkers with multiple example sections." />
        </traits>
        <failure exception-type="TechTalk.SpecFlow.SpecFlowException">
          <message><![CDATA[TechTalk.SpecFlow.SpecFlowException : Test pending: One or more step definitions are not implemented yet.\r\n  ScenarioOutlineSteps.ThenTheScenarioWill("inconclusive_1")]]></message>
          <stack-trace><![CDATA[   at TechTalk.SpecFlow.UnitTestProvider.XUnitRuntimeProvider.TestPending(String message)
   at Pickles.TestHarness.xunit2.ScenarioOutlinesFeature.ScenarioCleanup() in C:\Dev\Code\GitHub\DirkRombauts\pickles-testresults\TestHarness\xunit2\ScenarioOutlines.feature.cs:line 0
   at Pickles.TestHarness.xunit2.ScenarioOutlinesFeature.AndWeCanGoTotallyBonkersWithMultipleExampleSections_(String result, String[] exampleTags) in C:\Dev\Code\GitHub\DirkRombauts\pickles-testresults\TestHarness\xunit2\ScenarioOutlines.feature:line 45]]></stack-trace>
        </failure>
      </test>
      <test name="Pickles.TestHarness.xunit2.ScenarioOutlinesFeature.AndWeCanGoTotallyBonkersWithMultipleExampleSections_(result: &quot;inconclusive_2&quot;, exampleTags: [])" type="Pickles.TestHarness.xunit2.ScenarioOutlinesFeature" method="AndWeCanGoTotallyBonkersWithMultipleExampleSections_" time="0.0026229" result="Fail">
        <traits>
          <trait name="FeatureTitle" value="Scenario Outlines" />
          <trait name="Description" value="And we can go totally bonkers with multiple example sections." />
        </traits>
        <failure exception-type="TechTalk.SpecFlow.SpecFlowException">
          <message><![CDATA[TechTalk.SpecFlow.SpecFlowException : Test pending: One or more step definitions are not implemented yet.\r\n  ScenarioOutlineSteps.ThenTheScenarioWill("inconclusive_2")]]></message>
          <stack-trace><![CDATA[   at TechTalk.SpecFlow.UnitTestProvider.XUnitRuntimeProvider.TestPending(String message)
   at Pickles.TestHarness.xunit2.ScenarioOutlinesFeature.ScenarioCleanup() in C:\Dev\Code\GitHub\DirkRombauts\pickles-testresults\TestHarness\xunit2\ScenarioOutlines.feature.cs:line 0
   at Pickles.TestHarness.xunit2.ScenarioOutlinesFeature.AndWeCanGoTotallyBonkersWithMultipleExampleSections_(String result, String[] exampleTags) in C:\Dev\Code\GitHub\DirkRombauts\pickles-testresults\TestHarness\xunit2\ScenarioOutlines.feature:line 45]]></stack-trace>
        </failure>
      </test>
      <test name="Pickles.TestHarness.xunit2.ScenarioOutlinesFeature.AndWeCanGoTotallyBonkersWithMultipleExampleSections_(result: &quot;fail_1&quot;, exampleTags: [])" type="Pickles.TestHarness.xunit2.ScenarioOutlinesFeature" method="AndWeCanGoTotallyBonkersWithMultipleExampleSections_" time="0.0044835" result="Fail">
        <traits>
          <trait name="FeatureTitle" value="Scenario Outlines" />
          <trait name="Description" value="And we can go totally bonkers with multiple example sections." />
        </traits>
        <failure exception-type="Shouldly.ChuckedAWobbly">
          <message><![CDATA[Shouldly.ChuckedAWobbly : \n    true\n        should be\n    False\n        but was\n    True]]></message>
          <stack-trace><![CDATA[   at Shouldly.ShouldlyCoreExtensions.AssertAwesomely[T](T actual, Func`2 specifiedConstraint, Object originalActual, Object originalExpected) in c:\TeamCity\buildAgent\work\10efaabfa8adbd4e\src\Shouldly\ShouldlyCoreExtensions.cs:line 18
   at Shouldly.ShouldBeTestExtensions.ShouldBe[T](T actual, T expected) in c:\TeamCity\buildAgent\work\10efaabfa8adbd4e\src\Shouldly\ShouldBeTestExtensions.cs:line 17
   at AutomationLayer.ScenarioOutlineSteps.ThenTheScenarioWill(String result) in C:\Dev\Code\GitHub\DirkRombauts\pickles-testresults\TestHarness\AutomationLayer\ScenarioOutlineSteps.cs:line 21
   at TechTalk.SpecFlow.Bindings.BindingInvoker.InvokeBinding(IBinding binding, IContextManager contextManager, Object[] arguments, ITestTracer testTracer, TimeSpan& duration)
   at TechTalk.SpecFlow.Infrastructure.TestExecutionEngine.ExecuteStepMatch(BindingMatch match, Object[] arguments)
   at TechTalk.SpecFlow.Infrastructure.TestExecutionEngine.ExecuteStep(StepInstance stepInstance)
   at TechTalk.SpecFlow.Infrastructure.TestExecutionEngine.OnAfterLastStep()
   at Pickles.TestHarness.xunit2.ScenarioOutlinesFeature.ScenarioCleanup() in C:\Dev\Code\GitHub\DirkRombauts\pickles-testresults\TestHarness\xunit2\ScenarioOutlines.feature.cs:line 0
   at Pickles.TestHarness.xunit2.ScenarioOutlinesFeature.AndWeCanGoTotallyBonkersWithMultipleExampleSections_(String result, String[] exampleTags) in C:\Dev\Code\GitHub\DirkRombauts\pickles-testresults\TestHarness\xunit2\ScenarioOutlines.feature:line 45]]></stack-trace>
        </failure>
      </test>
      <test name="Pickles.TestHarness.xunit2.ScenarioOutlinesFeature.AndWeCanGoTotallyBonkersWithMultipleExampleSections_(result: &quot;fail_2&quot;, exampleTags: [])" type="Pickles.TestHarness.xunit2.ScenarioOutlinesFeature" method="AndWeCanGoTotallyBonkersWithMultipleExampleSections_" time="0.044492" result="Fail">
        <traits>
          <trait name="FeatureTitle" value="Scenario Outlines" />
          <trait name="Description" value="And we can go totally bonkers with multiple example sections." />
        </traits>
        <failure exception-type="Shouldly.ChuckedAWobbly">
          <message><![CDATA[Shouldly.ChuckedAWobbly : \n    true\n        should be\n    False\n        but was\n    True]]></message>
          <stack-trace><![CDATA[   at Shouldly.ShouldlyCoreExtensions.AssertAwesomely[T](T actual, Func`2 specifiedConstraint, Object originalActual, Object originalExpected) in c:\TeamCity\buildAgent\work\10efaabfa8adbd4e\src\Shouldly\ShouldlyCoreExtensions.cs:line 18
   at Shouldly.ShouldBeTestExtensions.ShouldBe[T](T actual, T expected) in c:\TeamCity\buildAgent\work\10efaabfa8adbd4e\src\Shouldly\ShouldBeTestExtensions.cs:line 17
   at AutomationLayer.ScenarioOutlineSteps.ThenTheScenarioWill(String result) in C:\Dev\Code\GitHub\DirkRombauts\pickles-testresults\TestHarness\AutomationLayer\ScenarioOutlineSteps.cs:line 21
   at TechTalk.SpecFlow.Bindings.BindingInvoker.InvokeBinding(IBinding binding, IContextManager contextManager, Object[] arguments, ITestTracer testTracer, TimeSpan& duration)
   at TechTalk.SpecFlow.Infrastructure.TestExecutionEngine.ExecuteStepMatch(BindingMatch match, Object[] arguments)
   at TechTalk.SpecFlow.Infrastructure.TestExecutionEngine.ExecuteStep(StepInstance stepInstance)
   at TechTalk.SpecFlow.Infrastructure.TestExecutionEngine.OnAfterLastStep()
   at Pickles.TestHarness.xunit2.ScenarioOutlinesFeature.ScenarioCleanup() in C:\Dev\Code\GitHub\DirkRombauts\pickles-testresults\TestHarness\xunit2\ScenarioOutlines.feature.cs:line 0
   at Pickles.TestHarness.xunit2.ScenarioOutlinesFeature.AndWeCanGoTotallyBonkersWithMultipleExampleSections_(String result, String[] exampleTags) in C:\Dev\Code\GitHub\DirkRombauts\pickles-testresults\TestHarness\xunit2\ScenarioOutlines.feature:line 45]]></stack-trace>
        </failure>
      </test>
      <test name="Pickles.TestHarness.xunit2.ScenarioOutlinesFeature.DealCorrectlyWithBackslashesInTheExamples(filePath: &quot;c:\Temp\&quot;, exampleTags: [])" type="Pickles.TestHarness.xunit2.ScenarioOutlinesFeature" method="DealCorrectlyWithBackslashesInTheExamples" time="0.0028134" result="Pass">
        <traits>
          <trait name="FeatureTitle" value="Scenario Outlines" />
          <trait name="Description" value="Deal correctly with backslashes in the examples" />
        </traits>
      </test>
    </collection>
    <collection total="1" passed="1" failed="0" skipped="0" name="Test collection for Pickles.TestHarness.xunit2.MinimalFeatures.PassingFeature" time="0.014">
      <test name="Pickles.TestHarness.xunit2.MinimalFeatures.PassingFeature.PassingFeaturePassingScenario" type="Pickles.TestHarness.xunit2.MinimalFeatures.PassingFeature" method="PassingFeaturePassingScenario" time="0.0136907" result="Pass">
        <traits>
          <trait name="FeatureTitle" value="Passing" />
          <trait name="Description" value="Passing Feature Passing Scenario" />
        </traits>
      </test>
    </collection>
    <collection total="1" passed="1" failed="0" skipped="0" name="Test collection for Pickles.TestHarness.xunit.RegularUnitTest" time="0.000">
      <test name="Pickles.TestHarness.xunit.RegularUnitTest.ThisTestPasses" type="Pickles.TestHarness.xunit.RegularUnitTest" method="ThisTestPasses" time="0.0001869" result="Pass" />
    </collection>
    <collection total="3" passed="1" failed="2" skipped="0" name="Test collection for Pickles.TestHarness.xunit2.MinimalFeatures.FailingFeature" time="0.009">
      <test name="Pickles.TestHarness.xunit2.MinimalFeatures.FailingFeature.FailingFeaturePassingScenario" type="Pickles.TestHarness.xunit2.MinimalFeatures.FailingFeature" method="FailingFeaturePassingScenario" time="0.0020817" result="Pass">
        <traits>
          <trait name="FeatureTitle" value="Failing" />
          <trait name="Description" value="Failing Feature Passing Scenario" />
        </traits>
      </test>
      <test name="Pickles.TestHarness.xunit2.MinimalFeatures.FailingFeature.FailingFeatureFailingScenario" type="Pickles.TestHarness.xunit2.MinimalFeatures.FailingFeature" method="FailingFeatureFailingScenario" time="0.004232" result="Fail">
        <traits>
          <trait name="FeatureTitle" value="Failing" />
          <trait name="Description" value="Failing Feature Failing Scenario" />
        </traits>
        <failure exception-type="Shouldly.ChuckedAWobbly">
          <message><![CDATA[Shouldly.ChuckedAWobbly : \n    true\n        should be\n    False\n        but was\n    True]]></message>
          <stack-trace><![CDATA[   at Shouldly.ShouldlyCoreExtensions.AssertAwesomely[T](T actual, Func`2 specifiedConstraint, Object originalActual, Object originalExpected) in c:\TeamCity\buildAgent\work\10efaabfa8adbd4e\src\Shouldly\ShouldlyCoreExtensions.cs:line 18
   at Shouldly.ShouldBeTestExtensions.ShouldBe[T](T actual, T expected) in c:\TeamCity\buildAgent\work\10efaabfa8adbd4e\src\Shouldly\ShouldBeTestExtensions.cs:line 17
   at AutomationLayer.MinimalFeatures.MinimalSteps.ThenFailingStep() in C:\Dev\Code\GitHub\DirkRombauts\pickles-testresults\TestHarness\AutomationLayer\MinimalFeatures\MinimalSteps.cs:line 24
   at TechTalk.SpecFlow.Bindings.BindingInvoker.InvokeBinding(IBinding binding, IContextManager contextManager, Object[] arguments, ITestTracer testTracer, TimeSpan& duration)
   at TechTalk.SpecFlow.Infrastructure.TestExecutionEngine.ExecuteStepMatch(BindingMatch match, Object[] arguments)
   at TechTalk.SpecFlow.Infrastructure.TestExecutionEngine.ExecuteStep(StepInstance stepInstance)
   at TechTalk.SpecFlow.Infrastructure.TestExecutionEngine.OnAfterLastStep()
   at Pickles.TestHarness.xunit2.MinimalFeatures.FailingFeature.ScenarioCleanup() in C:\Dev\Code\GitHub\DirkRombauts\pickles-testresults\TestHarness\xunit2\Minimal Features\Failing.feature.cs:line 0
   at Pickles.TestHarness.xunit2.MinimalFeatures.FailingFeature.FailingFeatureFailingScenario() in C:\Dev\Code\GitHub\DirkRombauts\pickles-testresults\TestHarness\xunit2\Minimal Features\Failing.feature:line 10]]></stack-trace>
        </failure>
      </test>
      <test name="Pickles.TestHarness.xunit2.MinimalFeatures.FailingFeature.FailingFeatureInconclusiveScenario" type="Pickles.TestHarness.xunit2.MinimalFeatures.FailingFeature" method="FailingFeatureInconclusiveScenario" time="0.0023788" result="Fail">
        <traits>
          <trait name="FeatureTitle" value="Failing" />
          <trait name="Description" value="Failing Feature Inconclusive Scenario" />
        </traits>
        <failure exception-type="TechTalk.SpecFlow.SpecFlowException">
          <message><![CDATA[TechTalk.SpecFlow.SpecFlowException : Test pending: One or more step definitions are not implemented yet.\r\n  MinimalSteps.ThenInconclusiveStep()]]></message>
          <stack-trace><![CDATA[   at TechTalk.SpecFlow.UnitTestProvider.XUnitRuntimeProvider.TestPending(String message)
   at Pickles.TestHarness.xunit2.MinimalFeatures.FailingFeature.ScenarioCleanup() in C:\Dev\Code\GitHub\DirkRombauts\pickles-testresults\TestHarness\xunit2\Minimal Features\Failing.feature.cs:line 0
   at Pickles.TestHarness.xunit2.MinimalFeatures.FailingFeature.FailingFeatureInconclusiveScenario() in C:\Dev\Code\GitHub\DirkRombauts\pickles-testresults\TestHarness\xunit2\Minimal Features\Failing.feature:line 7]]></stack-trace>
        </failure>
      </test>
    </collection>
  </assembly>
</assemblies>